<?xml version="1.0" encoding="UTF-8"?>
<!-- Generated by org.testng.reporters.JUnitReportReporter -->
<testsuite hostname="RAQIBHR" failures="0" tests="1" name="testcases.TC0002_SignInWithRightPassword" time="28.833" errors="0" timestamp="2022-07-07T01:35:48 BDT" skipped="0">
  <testcase classname="testcases.TC0002_SignInWithRightPassword" name="testlocation" time="28.833"/>
  <system-out/>
</testsuite> <!-- testcases.TC0002_SignInWithRightPassword -->
